CRITICAL - 2022-11-30 16:49:41 --> Undefined constant "cabecera"
in APPPATH\Views\libros\crear.php on line 1.
 1 SYSTEMPATH\View\View.php(213): include()
 2 SYSTEMPATH\View\View.php(216): CodeIgniter\View\View->CodeIgniter\View\{closure}()
 3 SYSTEMPATH\Common.php(1134): CodeIgniter\View\View->render('libros/crear', [], true)
 4 APPPATH\Controllers\Libros.php(24): view('libros/crear', [...])
 5 SYSTEMPATH\CodeIgniter.php(927): App\Controllers\Libros->crear()
 6 SYSTEMPATH\CodeIgniter.php(482): CodeIgniter\CodeIgniter->runController(Object(App\Controllers\Libros))
 7 SYSTEMPATH\CodeIgniter.php(351): CodeIgniter\CodeIgniter->handleRequest(null, Object(Config\Cache), false)
 8 FCPATH\index.php(67): CodeIgniter\CodeIgniter->run()
CRITICAL - 2022-11-30 17:06:14 --> Undefined variable $nombre
in APPPATH\Controllers\Libros.php on line 31.
 1 APPPATH\Controllers\Libros.php(31): CodeIgniter\Debug\Exceptions->errorHandler(2, 'Undefined variable $nombre', 'APPPATH\\Controllers\\Libros.php', 31)
 2 SYSTEMPATH\CodeIgniter.php(927): App\Controllers\Libros->guardar()
 3 SYSTEMPATH\CodeIgniter.php(482): CodeIgniter\CodeIgniter->runController(Object(App\Controllers\Libros))
 4 SYSTEMPATH\CodeIgniter.php(351): CodeIgniter\CodeIgniter->handleRequest(null, Object(Config\Cache), false)
 5 FCPATH\index.php(67): CodeIgniter\CodeIgniter->run()
CRITICAL - 2022-11-30 17:20:29 --> Call to undefined method CodeIgniter\HTTP\Files\UploadedFile::mover()
in APPPATH\Controllers\Libros.php on line 36.
 1 SYSTEMPATH\CodeIgniter.php(927): App\Controllers\Libros->guardar()
 2 SYSTEMPATH\CodeIgniter.php(482): CodeIgniter\CodeIgniter->runController(Object(App\Controllers\Libros))
 3 SYSTEMPATH\CodeIgniter.php(351): CodeIgniter\CodeIgniter->handleRequest(null, Object(Config\Cache), false)
 4 FCPATH\index.php(67): CodeIgniter\CodeIgniter->run()
CRITICAL - 2022-11-30 17:21:01 --> Call to undefined method CodeIgniter\HTTP\Files\UploadedFile::mover()
in APPPATH\Controllers\Libros.php on line 36.
 1 SYSTEMPATH\CodeIgniter.php(927): App\Controllers\Libros->guardar()
 2 SYSTEMPATH\CodeIgniter.php(482): CodeIgniter\CodeIgniter->runController(Object(App\Controllers\Libros))
 3 SYSTEMPATH\CodeIgniter.php(351): CodeIgniter\CodeIgniter->handleRequest(null, Object(Config\Cache), false)
 4 FCPATH\index.php(67): CodeIgniter\CodeIgniter->run()
CRITICAL - 2022-11-30 18:01:32 --> The original file is not a valid file.
in SYSTEMPATH\HTTP\Files\UploadedFile.php on line 137.
 1 SYSTEMPATH\HTTP\Files\UploadedFile.php(137): CodeIgniter\HTTP\Exceptions\HTTPException::forInvalidFile()
 2 APPPATH\Controllers\Libros.php(36): CodeIgniter\HTTP\Files\UploadedFile->move('FCPATH\\uploads', '1669852892_36d7e2bdc7b4c93a0b3f')
 3 SYSTEMPATH\CodeIgniter.php(927): App\Controllers\Libros->guardar()
 4 SYSTEMPATH\CodeIgniter.php(482): CodeIgniter\CodeIgniter->runController(Object(App\Controllers\Libros))
 5 SYSTEMPATH\CodeIgniter.php(351): CodeIgniter\CodeIgniter->handleRequest(null, Object(Config\Cache), false)
 6 FCPATH\index.php(67): CodeIgniter\CodeIgniter->run()
CRITICAL - 2022-11-30 18:07:53 --> unlink(../public/uploads/1669850819_e7c62d593f2b590823bd.png): No such file or directory
in APPPATH\Controllers\Libros.php on line 54.
 1 [internal function]: CodeIgniter\Debug\Exceptions->errorHandler(2, 'unlink(../public/uploads/1669850819_e7c62d593f2b590823bd.png): No such file or directory', 'APPPATH\\Controllers\\Libros.php', 54)
 2 APPPATH\Controllers\Libros.php(54): unlink('../public/uploads/1669850819_e7c62d593f2b590823bd.png')
 3 SYSTEMPATH\CodeIgniter.php(927): App\Controllers\Libros->borrar('6')
 4 SYSTEMPATH\CodeIgniter.php(482): CodeIgniter\CodeIgniter->runController(Object(App\Controllers\Libros))
 5 SYSTEMPATH\CodeIgniter.php(351): CodeIgniter\CodeIgniter->handleRequest(null, Object(Config\Cache), false)
 6 FCPATH\index.php(67): CodeIgniter\CodeIgniter->run()
